  Eleve.cpp
C:\Users\RAJ\Desktop\Labyrinthe_cpp\Eleve.cpp(201,29): warning C4244: 'argument' : conversion de 'int' en 'float', perte possible de données
C:\Users\RAJ\Desktop\Labyrinthe_cpp\Eleve.cpp(201,26): warning C4244: 'argument' : conversion de 'int' en 'float', perte possible de données
C:\Users\RAJ\Desktop\Labyrinthe_cpp\Eleve.cpp(249,9): warning C4244: 'initialisation' : conversion de 'double' en 'int', perte possible de données
C:\Users\RAJ\Desktop\Labyrinthe_cpp\Eleve.cpp(251,40): warning C4244: '=' : conversion de 'double' en 'int', perte possible de données
C:\Users\RAJ\Desktop\Labyrinthe_cpp\Eleve.cpp(284,21): warning C4018: '<' : incompatibilité signed/unsigned
C:\Users\RAJ\Desktop\Labyrinthe_cpp\Eleve.cpp(310,32): warning C4244: 'argument' : conversion de 'int' en 'float', perte possible de données
C:\Users\RAJ\Desktop\Labyrinthe_cpp\Eleve.cpp(310,28): warning C4244: 'argument' : conversion de 'int' en 'float', perte possible de données
C:\Users\RAJ\Desktop\Labyrinthe_cpp\Eleve.cpp(310,57): warning C4244: 'argument' : conversion de 'const int' en 'float', perte possible de données
C:\Users\RAJ\Desktop\Labyrinthe_cpp\Eleve.cpp(310,45): warning C4244: 'argument' : conversion de 'const int' en 'float', perte possible de données
C:\Users\RAJ\Desktop\Labyrinthe_cpp\Eleve.cpp(315,9): warning C4244: 'initialisation' : conversion de 'double' en 'int', perte possible de données
C:\Users\RAJ\Desktop\Labyrinthe_cpp\Eleve.cpp(335,21): warning C4018: '<' : incompatibilité signed/unsigned
C:\Users\RAJ\Desktop\Labyrinthe_cpp\Eleve.cpp(457,8): warning C4244: 'initialisation' : conversion de 'float' en 'int', perte possible de données
C:\Users\RAJ\Desktop\Labyrinthe_cpp\Eleve.cpp(458,8): warning C4244: 'initialisation' : conversion de 'float' en 'int', perte possible de données
C:\Users\RAJ\Desktop\Labyrinthe_cpp\Eleve.cpp(460,12): warning C4244: 'initialisation' : conversion de 'float' en 'int', perte possible de données
C:\Users\RAJ\Desktop\Labyrinthe_cpp\Eleve.cpp(461,12): warning C4244: 'initialisation' : conversion de 'float' en 'int', perte possible de données
C:\Users\RAJ\Desktop\Labyrinthe_cpp\Eleve.cpp(509,20): warning C4018: '<' : incompatibilité signed/unsigned
C:\Users\RAJ\Desktop\Labyrinthe_cpp\Eleve.cpp(512,97): warning C4244: 'argument' : conversion de 'float' en 'int', perte possible de données
C:\Users\RAJ\Desktop\Labyrinthe_cpp\Eleve.cpp(512,74): warning C4244: 'argument' : conversion de 'float' en 'int', perte possible de données
C:\Users\RAJ\Desktop\Labyrinthe_cpp\Eleve.cpp(512,51): warning C4244: 'argument' : conversion de 'float' en 'int', perte possible de données
C:\Users\RAJ\Desktop\Labyrinthe_cpp\Eleve.cpp(512,32): warning C4244: 'argument' : conversion de 'float' en 'int', perte possible de données
C:\Users\RAJ\Desktop\Labyrinthe_cpp\Eleve.cpp(524,84): warning C4244: 'argument' : conversion de 'float' en 'int', perte possible de données
C:\Users\RAJ\Desktop\Labyrinthe_cpp\Eleve.cpp(524,67): warning C4244: 'argument' : conversion de 'float' en 'int', perte possible de données
C:\Users\RAJ\Desktop\Labyrinthe_cpp\Eleve.cpp(524,50): warning C4244: 'argument' : conversion de 'float' en 'int', perte possible de données
C:\Users\RAJ\Desktop\Labyrinthe_cpp\Eleve.cpp(524,31): warning C4244: 'argument' : conversion de 'float' en 'int', perte possible de données
C:\Users\RAJ\Desktop\Labyrinthe_cpp\Eleve.cpp(527,84): warning C4244: 'argument' : conversion de 'float' en 'int', perte possible de données
C:\Users\RAJ\Desktop\Labyrinthe_cpp\Eleve.cpp(527,67): warning C4244: 'argument' : conversion de 'float' en 'int', perte possible de données
C:\Users\RAJ\Desktop\Labyrinthe_cpp\Eleve.cpp(527,50): warning C4244: 'argument' : conversion de 'float' en 'int', perte possible de données
C:\Users\RAJ\Desktop\Labyrinthe_cpp\Eleve.cpp(527,31): warning C4244: 'argument' : conversion de 'float' en 'int', perte possible de données
C:\Users\RAJ\Desktop\Labyrinthe_cpp\Eleve.cpp(568,17): warning C4018: '<' : incompatibilité signed/unsigned
C:\Users\RAJ\Desktop\Labyrinthe_cpp\Eleve.cpp(619,20): warning C4018: '<' : incompatibilité signed/unsigned
C:\Users\RAJ\Desktop\Labyrinthe_cpp\Eleve.cpp(634,50): warning C4244: 'argument' : conversion de 'int' en 'float', perte possible de données
C:\Users\RAJ\Desktop\Labyrinthe_cpp\Eleve.cpp(634,33): warning C4244: 'argument' : conversion de 'int' en 'float', perte possible de données
C:\Users\RAJ\Desktop\Labyrinthe_cpp\Eleve.cpp(450): warning C4715: 'deplacementRandom' : les chemins de contrôle ne retournent pas tous une valeur
  G2D.vcxproj -> C:\Users\RAJ\Desktop\Labyrinthe_cpp\Debug\G2D.exe
